<html>
<head>
<title>TestNG:  Surefire test</title>
<link href="../testng.css" rel="stylesheet" type="text/css" />
<link href="../my-testng.css" rel="stylesheet" type="text/css" />

<style type="text/css">
.log { display: none;} 
.stack-trace { display: none;} 
</style>
<script type="text/javascript">
<!--
function flip(e) {
  current = e.style.display;
  if (current == 'block') {
    e.style.display = 'none';
    return 0;
  }
  else {
    e.style.display = 'block';
    return 1;
  }
}

function toggleBox(szDivId, elem, msg1, msg2)
{
  var res = -1;  if (document.getElementById) {
    res = flip(document.getElementById(szDivId));
  }
  else if (document.all) {
    // this is the way old msie versions work
    res = flip(document.all[szDivId]);
  }
  if(elem) {
    if(res == 0) elem.innerHTML = msg1; else elem.innerHTML = msg2;
  }

}

function toggleAllBoxes() {
  if (document.getElementsByTagName) {
    d = document.getElementsByTagName('div');
    for (i = 0; i < d.length; i++) {
      if (d[i].className == 'log') {
        flip(d[i]);
      }
    }
  }
}

// -->
</script>

</head>
<body>
<h2 align='center'>Surefire test</h2><table border='1' align="center">
<tr>
<td>Tests passed/Failed/Skipped:</td><td>12/4/0</td>
</tr><tr>
<td>Started on:</td><td>Wed Jun 22 00:00:15 EET 2022</td>
</tr>
<tr><td>Total time:</td><td>736 seconds (736950 ms)</td>
</tr><tr>
<td>Included groups:</td><td></td>
</tr><tr>
<td>Excluded groups:</td><td></td>
</tr>
</table><p/>
<small><i>(Hover the method name to see the test class name)</i></small><p/>
<table width='100%' border='1' class='invocation-failed'>
<tr><td colspan='4' align='center'><b>FAILED TESTS</b></td></tr>
<tr><td><b>Test method</b></td>
<td width="30%"><b>Exception</b></td>
<td width="10%"><b>Time (seconds)</b></td>
<td><b>Instance</b></td>
</tr>
<tr>
<td title='org.example.Runners.Runners.runScenario()'><b>runScenario</b><br>Test class: org.example.Runners.Runners<br>Test method: Runs Cucumber Scenarios<br>Parameters: "user click on rss link", "F07_FollowUs | users could open followUs links"</td>
<td><div><pre>java.lang.IndexOutOfBoundsException: Index: 1, Size: 1
	at java.util.ArrayList.rangeCheck(ArrayList.java:659)
	at java.util.ArrayList.get(ArrayList.java:435)
	at org.example.StepDefinition.D07_FollowUsStepDef.opens_new_tab(D07_FollowUsStepDef.java:23)
	at ?.&quot;https://demo.nopcommerce.com/new-online-store-is-open&quot; is opened in new tab(file:///C:/Users/Metro-PC/Documents/FWD/src/main/resources/features/F07_FollowUs.feature:21)
</pre></div><a href='#' onClick='toggleBox("stack-trace60055669", this, "Click to show all stack frames", "Click to hide stack frames")'>Click to show all stack frames</a>
<div class='stack-trace' id='stack-trace60055669'><pre>java.lang.IndexOutOfBoundsException: Index: 1, Size: 1
	at java.util.ArrayList.rangeCheck(ArrayList.java:659)
	at java.util.ArrayList.get(ArrayList.java:435)
	at org.example.StepDefinition.D07_FollowUsStepDef.opens_new_tab(D07_FollowUsStepDef.java:23)
	at ?.&quot;https://demo.nopcommerce.com/new-online-store-is-open&quot; is opened in new tab(file:///C:/Users/Metro-PC/Documents/FWD/src/main/resources/features/F07_FollowUs.feature:21)
</pre></div></td>
<td>63</td>
<td>org.example.Runners.Runners@6f195bc3</td></tr>
<tr>
<td title='org.example.Runners.Runners.runScenario()'><b>runScenario</b><br>Test class: org.example.Runners.Runners<br>Test method: Runs Cucumber Scenarios<br>Parameters: "First slider clickable on homepage", "F06_HomeSliders | users will be able to open sliders in home page"</td>
<td><div><pre>java.lang.AssertionError: URL after click on First Slide expected [https://demo.nopcommerce.com/nokia-lumia-1020] but found [https://demo.nopcommerce.com/]
	at org.example.StepDefinition.D06_HomeSliders.first_slide_displayed(D06_HomeSliders.java:20)
	at ?.relative product for first slider is displayed(file:///C:/Users/Metro-PC/Documents/FWD/src/main/resources/features/F06_HomeSliders.feature:6)
... Removed 5 stack frames</pre></div><a href='#' onClick='toggleBox("stack-trace2084457242", this, "Click to show all stack frames", "Click to hide stack frames")'>Click to show all stack frames</a>
<div class='stack-trace' id='stack-trace2084457242'><pre>java.lang.AssertionError: URL after click on First Slide expected [https://demo.nopcommerce.com/nokia-lumia-1020] but found [https://demo.nopcommerce.com/]
	at org.testng.Assert.fail(Assert.java:110)
	at org.testng.Assert.failNotEquals(Assert.java:1413)
	at org.testng.Assert.assertEqualsImpl(Assert.java:149)
	at org.testng.Assert.assertEquals(Assert.java:131)
	at org.testng.Assert.assertEquals(Assert.java:655)
	at org.example.StepDefinition.D06_HomeSliders.first_slide_displayed(D06_HomeSliders.java:20)
	at ?.relative product for first slider is displayed(file:///C:/Users/Metro-PC/Documents/FWD/src/main/resources/features/F06_HomeSliders.feature:6)
</pre></div></td>
<td>40</td>
<td>org.example.Runners.Runners@6f195bc3</td></tr>
<tr>
<td title='org.example.Runners.Runners.runScenario()'><b>runScenario</b><br>Test class: org.example.Runners.Runners<br>Test method: Runs Cucumber Scenarios<br>Parameters: "user click on youtube link", "F07_FollowUs | users could open followUs links"</td>
<td><div><pre>org.openqa.selenium.NoSuchElementException: no such element: Unable to locate element: {&quot;method&quot;:&quot;css selector&quot;,&quot;selector&quot;:&quot;a[class=&quot;ico-account&quot;]&quot;}
  (Session info: MicrosoftEdge=102.0.1245.44)
For documentation on this error, please visit: https://selenium.dev/exceptions/#no_such_element
Build info: version: &apos;4.2.0&apos;, revision: &apos;86eb611648&apos;
System info: host: &apos;METRO&apos;, ip: &apos;192.168.1.130&apos;, os.name: &apos;Windows 8.1&apos;, os.arch: &apos;amd64&apos;, os.version: &apos;6.3&apos;, java.version: &apos;1.8.0_333&apos;
Driver info: org.openqa.selenium.edge.EdgeDriver
Command: [5f032d982013bec40a886cca4b9551ca, findElement {using=css selector, value=a[class=&quot;ico-account&quot;]}]
Capabilities {acceptInsecureCerts: false, browserName: msedge, browserVersion: 102.0.1245.44, javascriptEnabled: true, ms:edgeOptions: {debuggerAddress: localhost:53935}, msedge: {msedgedriverVersion: 101.0.1210.53 (019dbf6dd738..., userDataDir: C:\Users\Metro-PC\AppData\L...}, networkConnectionEnabled: false, pageLoadStrategy: normal, platform: WINDOWS, platformName: WINDOWS, proxy: Proxy(), se:cdp: ws://localhost:53935/devtoo..., se:cdpVersion: 102.0.1245.44, setWindowRect: true, strictFileInteractability: false, timeouts: {implicit: 0, pageLoad: 300000, script: 30000}, unhandledPromptBehavior: dismiss and notify, webauthn:extension:credBlob: true, webauthn:extension:largeBlob: true, webauthn:virtualAuthenticators: true}
Session ID: 5f032d982013bec40a886cca4b9551ca
	at org.openqa.selenium.remote.codec.w3c.W3CHttpResponseCodec.createException(W3CHttpResponseCodec.java:200)
	at org.openqa.selenium.remote.codec.w3c.W3CHttpResponseCodec.decode(W3CHttpResponseCodec.java:133)
	at org.openqa.selenium.remote.codec.w3c.W3CHttpResponseCodec.decode(W3CHttpResponseCodec.java:53)
	at org.openqa.selenium.remote.HttpCommandExecutor.execute(HttpCommandExecutor.java:184)
	at org.openqa.selenium.remote.service.DriverCommandExecutor.invokeExecute(DriverCommandExecutor.java:167)
	at org.openqa.selenium.remote.service.DriverCommandExecutor.execute(DriverCommandExecutor.java:142)
	at org.openqa.selenium.remote.RemoteWebDriver.execute(RemoteWebDriver.java:566)
	at org.openqa.selenium.remote.ElementLocation$ElementFinder$2.findElement(ElementLocation.java:162)
	at org.openqa.selenium.remote.ElementLocation.findElement(ElementLocation.java:60)
	at org.openqa.selenium.remote.RemoteWebDriver.findElement(RemoteWebDriver.java:384)
	at org.openqa.selenium.remote.RemoteWebDriver.findElement(RemoteWebDriver.java:376)
	at org.example.StepDefinition.D02_Login.login_successfully(D02_Login.java:41)
	at ?.user could login successfully and go to home page(file:///C:/Users/Metro-PC/Documents/FWD/src/main/resources/features/F07_FollowUs.feature:7)
... Removed 4 stack frames</pre></div><a href='#' onClick='toggleBox("stack-trace1947681232", this, "Click to show all stack frames", "Click to hide stack frames")'>Click to show all stack frames</a>
<div class='stack-trace' id='stack-trace1947681232'><pre>org.openqa.selenium.NoSuchElementException: no such element: Unable to locate element: {&quot;method&quot;:&quot;css selector&quot;,&quot;selector&quot;:&quot;a[class=&quot;ico-account&quot;]&quot;}
  (Session info: MicrosoftEdge=102.0.1245.44)
For documentation on this error, please visit: https://selenium.dev/exceptions/#no_such_element
Build info: version: &apos;4.2.0&apos;, revision: &apos;86eb611648&apos;
System info: host: &apos;METRO&apos;, ip: &apos;192.168.1.130&apos;, os.name: &apos;Windows 8.1&apos;, os.arch: &apos;amd64&apos;, os.version: &apos;6.3&apos;, java.version: &apos;1.8.0_333&apos;
Driver info: org.openqa.selenium.edge.EdgeDriver
Command: [5f032d982013bec40a886cca4b9551ca, findElement {using=css selector, value=a[class=&quot;ico-account&quot;]}]
Capabilities {acceptInsecureCerts: false, browserName: msedge, browserVersion: 102.0.1245.44, javascriptEnabled: true, ms:edgeOptions: {debuggerAddress: localhost:53935}, msedge: {msedgedriverVersion: 101.0.1210.53 (019dbf6dd738..., userDataDir: C:\Users\Metro-PC\AppData\L...}, networkConnectionEnabled: false, pageLoadStrategy: normal, platform: WINDOWS, platformName: WINDOWS, proxy: Proxy(), se:cdp: ws://localhost:53935/devtoo..., se:cdpVersion: 102.0.1245.44, setWindowRect: true, strictFileInteractability: false, timeouts: {implicit: 0, pageLoad: 300000, script: 30000}, unhandledPromptBehavior: dismiss and notify, webauthn:extension:credBlob: true, webauthn:extension:largeBlob: true, webauthn:virtualAuthenticators: true}
Session ID: 5f032d982013bec40a886cca4b9551ca
	at sun.reflect.NativeConstructorAccessorImpl.newInstance0(Native Method)
	at sun.reflect.NativeConstructorAccessorImpl.newInstance(NativeConstructorAccessorImpl.java:62)
	at sun.reflect.DelegatingConstructorAccessorImpl.newInstance(DelegatingConstructorAccessorImpl.java:45)
	at java.lang.reflect.Constructor.newInstance(Constructor.java:423)
	at org.openqa.selenium.remote.codec.w3c.W3CHttpResponseCodec.createException(W3CHttpResponseCodec.java:200)
	at org.openqa.selenium.remote.codec.w3c.W3CHttpResponseCodec.decode(W3CHttpResponseCodec.java:133)
	at org.openqa.selenium.remote.codec.w3c.W3CHttpResponseCodec.decode(W3CHttpResponseCodec.java:53)
	at org.openqa.selenium.remote.HttpCommandExecutor.execute(HttpCommandExecutor.java:184)
	at org.openqa.selenium.remote.service.DriverCommandExecutor.invokeExecute(DriverCommandExecutor.java:167)
	at org.openqa.selenium.remote.service.DriverCommandExecutor.execute(DriverCommandExecutor.java:142)
	at org.openqa.selenium.remote.RemoteWebDriver.execute(RemoteWebDriver.java:566)
	at org.openqa.selenium.remote.ElementLocation$ElementFinder$2.findElement(ElementLocation.java:162)
	at org.openqa.selenium.remote.ElementLocation.findElement(ElementLocation.java:60)
	at org.openqa.selenium.remote.RemoteWebDriver.findElement(RemoteWebDriver.java:384)
	at org.openqa.selenium.remote.RemoteWebDriver.findElement(RemoteWebDriver.java:376)
	at org.example.StepDefinition.D02_Login.login_successfully(D02_Login.java:41)
	at ?.user could login successfully and go to home page(file:///C:/Users/Metro-PC/Documents/FWD/src/main/resources/features/F07_FollowUs.feature:7)
</pre></div></td>
<td>44</td>
<td>org.example.Runners.Runners@6f195bc3</td></tr>
<tr>
<td title='org.example.Runners.Runners.runScenario()'><b>runScenario</b><br>Test class: org.example.Runners.Runners<br>Test method: Runs Cucumber Scenarios<br>Parameters: "Second slider clickable on homepage", "F06_HomeSliders | users will be able to open sliders in home page"</td>
<td><div><pre>java.lang.AssertionError: URL after click on Second Slide expected [https://demo.nopcommerce.com/iphone-6] but found [https://demo.nopcommerce.com/]
	at org.example.StepDefinition.D06_HomeSliders.second_slide_displayed(D06_HomeSliders.java:33)
	at ?.relative product for second slider is displayed(file:///C:/Users/Metro-PC/Documents/FWD/src/main/resources/features/F06_HomeSliders.feature:11)
... Removed 5 stack frames</pre></div><a href='#' onClick='toggleBox("stack-trace964094970", this, "Click to show all stack frames", "Click to hide stack frames")'>Click to show all stack frames</a>
<div class='stack-trace' id='stack-trace964094970'><pre>java.lang.AssertionError: URL after click on Second Slide expected [https://demo.nopcommerce.com/iphone-6] but found [https://demo.nopcommerce.com/]
	at org.testng.Assert.fail(Assert.java:110)
	at org.testng.Assert.failNotEquals(Assert.java:1413)
	at org.testng.Assert.assertEqualsImpl(Assert.java:149)
	at org.testng.Assert.assertEquals(Assert.java:131)
	at org.testng.Assert.assertEquals(Assert.java:655)
	at org.example.StepDefinition.D06_HomeSliders.second_slide_displayed(D06_HomeSliders.java:33)
	at ?.relative product for second slider is displayed(file:///C:/Users/Metro-PC/Documents/FWD/src/main/resources/features/F06_HomeSliders.feature:11)
</pre></div></td>
<td>29</td>
<td>org.example.Runners.Runners@6f195bc3</td></tr>
</table><p>
<table width='100%' border='1' class='invocation-passed'>
<tr><td colspan='4' align='center'><b>PASSED TESTS</b></td></tr>
<tr><td><b>Test method</b></td>
<td width="30%"><b>Exception</b></td>
<td width="10%"><b>Time (seconds)</b></td>
<td><b>Instance</b></td>
</tr>
<tr>
<td title='org.example.Runners.Runners.runScenario()'><b>runScenario</b><br>Test class: org.example.Runners.Runners<br>Test method: Runs Cucumber Scenarios<br>Parameters: "user search using SKU", "F04_Search | users will be able to search for products with different parameters"</td>
<td></td>
<td>36</td>
<td>org.example.Runners.Runners@6f195bc3</td></tr>
<tr>
<td title='org.example.Runners.Runners.runScenario()'><b>runScenario</b><br>Test class: org.example.Runners.Runners<br>Test method: Runs Cucumber Scenarios<br>Parameters: "user could login with valid data", "F02_Login | user should be able to login to the system"</td>
<td></td>
<td>38</td>
<td>org.example.Runners.Runners@6f195bc3</td></tr>
<tr>
<td title='org.example.Runners.Runners.runScenario()'><b>runScenario</b><br>Test class: org.example.Runners.Runners<br>Test method: Runs Cucumber Scenarios<br>Parameters: "user click on facebook link", "F07_FollowUs | users could open followUs links"</td>
<td></td>
<td>50</td>
<td>org.example.Runners.Runners@6f195bc3</td></tr>
<tr>
<td title='org.example.Runners.Runners.runScenario()'><b>runScenario</b><br>Test class: org.example.Runners.Runners<br>Test method: Runs Cucumber Scenarios<br>Parameters: "user search using invalid product name", "F04_Search | users will be able to search for products with different parameters"</td>
<td></td>
<td>37</td>
<td>org.example.Runners.Runners@6f195bc3</td></tr>
<tr>
<td title='org.example.Runners.Runners.runScenario()'><b>runScenario</b><br>Test class: org.example.Runners.Runners<br>Test method: Runs Cucumber Scenarios<br>Parameters: "user click on twitter link", "F07_FollowUs | users could open followUs links"</td>
<td></td>
<td>50</td>
<td>org.example.Runners.Runners@6f195bc3</td></tr>
<tr>
<td title='org.example.Runners.Runners.runScenario()'><b>runScenario</b><br>Test class: org.example.Runners.Runners<br>Test method: Runs Cucumber Scenarios<br>Parameters: "after adding item to wishlist success message is Displayed", "F08_WishList  |  guest user could add products to wishlist"</td>
<td></td>
<td>25</td>
<td>org.example.Runners.Runners@6f195bc3</td></tr>
<tr>
<td title='org.example.Runners.Runners.runScenario()'><b>runScenario</b><br>Test class: org.example.Runners.Runners<br>Test method: Runs Cucumber Scenarios<br>Parameters: "guest user can switch between currencies", "F03_ChangeCurrency | user could switch between currencies [$, €]"</td>
<td></td>
<td>37</td>
<td>org.example.Runners.Runners@6f195bc3</td></tr>
<tr>
<td title='org.example.Runners.Runners.runScenario()'><b>runScenario</b><br>Test class: org.example.Runners.Runners<br>Test method: Runs Cucumber Scenarios<br>Parameters: "added items are displayed on wishlist", "F08_WishList  |  guest user could add products to wishlist"</td>
<td></td>
<td>51</td>
<td>org.example.Runners.Runners@6f195bc3</td></tr>
<tr>
<td title='org.example.Runners.Runners.runScenario()'><b>runScenario</b><br>Test class: org.example.Runners.Runners<br>Test method: Runs Cucumber Scenarios<br>Parameters: "user could search using product name", "F04_Search | users will be able to search for products with different parameters"</td>
<td></td>
<td>36</td>
<td>org.example.Runners.Runners@6f195bc3</td></tr>
<tr>
<td title='org.example.Runners.Runners.runScenario()'><b>runScenario</b><br>Test class: org.example.Runners.Runners<br>Test method: Runs Cucumber Scenarios<br>Parameters: "number of wishlist items in home page is increased", "F08_WishList  |  guest user could add products to wishlist"</td>
<td></td>
<td>21</td>
<td>org.example.Runners.Runners@6f195bc3</td></tr>
<tr>
<td title='org.example.Runners.Runners.runScenario()'><b>runScenario</b><br>Test class: org.example.Runners.Runners<br>Test method: Runs Cucumber Scenarios<br>Parameters: "user could hover categories", "F05_HoverCategories  |  user could hover categories and select sub category"</td>
<td></td>
<td>60</td>
<td>org.example.Runners.Runners@6f195bc3</td></tr>
<tr>
<td title='org.example.Runners.Runners.runScenario()'><b>runScenario</b><br>Test class: org.example.Runners.Runners<br>Test method: Runs Cucumber Scenarios<br>Parameters: "user register with valid data", "F01_Register | user should able to create new account"</td>
<td></td>
<td>100</td>
<td>org.example.Runners.Runners@6f195bc3</td></tr>
</table><p>
</body>
</html>